<?xml version="1.0" encoding="UTF-8"?>
<testng-results ignored="0" total="4" passed="4" failed="0" skipped="0">
  <reporter-output>
  </reporter-output>
  <suite started-at="2024-09-11T15:36:11 IST" name="Suite" finished-at="2024-09-11T15:36:22 IST" duration-ms="11154">
    <groups>
    </groups>
    <test started-at="2024-09-11T15:36:11 IST" name="Test" finished-at="2024-09-11T15:36:22 IST" duration-ms="11154">
      <class name="orangehromtestng.orangehrmTest">
        <test-method signature="open()[pri:1, instance:orangehromtestng.orangehrmTest@f5ac9e4]" started-at="2024-09-11T15:36:11 IST" name="open" finished-at="2024-09-11T15:36:19 IST" duration-ms="7749" status="PASS">
          <reporter-output>
          </reporter-output>
        </test-method> <!-- open -->
        <test-method signature="testLogo()[pri:2, instance:orangehromtestng.orangehrmTest@f5ac9e4]" started-at="2024-09-11T15:36:19 IST" name="testLogo" finished-at="2024-09-11T15:36:19 IST" duration-ms="795" status="PASS">
          <reporter-output>
          </reporter-output>
        </test-method> <!-- testLogo -->
        <test-method signature="login()[pri:3, instance:orangehromtestng.orangehrmTest@f5ac9e4]" started-at="2024-09-11T15:36:19 IST" name="login" finished-at="2024-09-11T15:36:22 IST" duration-ms="2200" status="PASS">
          <reporter-output>
          </reporter-output>
        </test-method> <!-- login -->
        <test-method signature="logout()[pri:4, instance:orangehromtestng.orangehrmTest@f5ac9e4]" started-at="2024-09-11T15:36:22 IST" name="logout" finished-at="2024-09-11T15:36:22 IST" duration-ms="315" status="PASS">
          <reporter-output>
          </reporter-output>
        </test-method> <!-- logout -->
      </class> <!-- orangehromtestng.orangehrmTest -->
    </test> <!-- Test -->
  </suite> <!-- Suite -->
</testng-results>
