<?xml version="1.0" encoding="UTF-8"?>
<!-- Generated by org.testng.reporters.JUnitXMLReporter -->
<testsuite ignored="0" hostname="DESKTOP-K6LPIJ0" failures="0" tests="4" name="Test" time="11.154" errors="0" timestamp="2024-09-11T15:36:22 IST">
  <testcase classname="orangehromtestng.orangehrmTest" name="open" time="7.749"/>
  <testcase classname="orangehromtestng.orangehrmTest" name="testLogo" time="0.795"/>
  <testcase classname="orangehromtestng.orangehrmTest" name="login" time="2.2"/>
  <testcase classname="orangehromtestng.orangehrmTest" name="logout" time="0.315"/>
</testsuite> <!-- Test -->
