<?xml version="1.0" encoding="UTF-8"?>
<!-- Generated by org.testng.reporters.JUnitXMLReporter -->
<testsuite ignored="0" hostname="DESKTOP-K6LPIJ0" failures="0" tests="4" name="Default test" time="12.492" errors="0" timestamp="2024-09-11T14:35:57 IST">
  <testcase classname="orangehromtestng.orangehrmTest" name="open" time="8.694"/>
  <testcase classname="orangehromtestng.orangehrmTest" name="testLogo" time="1.234"/>
  <testcase classname="orangehromtestng.orangehrmTest" name="login" time="2.053"/>
  <testcase classname="orangehromtestng.orangehrmTest" name="logout" time="0.415"/>
</testsuite> <!-- Default test -->
